[2021-03-22 12:49:49] [WARNING]: 警告: 强烈不推荐通过双击直接运行本程序, 这将导致一些非预料的后果. 
[2021-03-22 12:49:49] [WARNING]: 将等待10s后启动 
[2021-03-22 12:49:59] [INFO]: 当前版本:v0.9.40-fix3 
[2021-03-22 12:49:59] [INFO]: 用户交流群: 721829413 
[2021-03-22 12:49:59] [INFO]: 将使用 device.json 内的设备信息运行Bot. 
[2021-03-22 12:49:59] [INFO]: Bot将在5秒后登录并开始信息处理, 按 Ctrl+C 取消. 
[2021-03-22 12:50:04] [INFO]: 开始尝试登录并同步消息... 
[2021-03-22 12:50:04] [INFO]: 使用协议: iPad 
[2021-03-22 12:50:05] [INFO]: Admin API 服务器已启动: 127.0.0.1:9999 
[2021-03-22 12:50:05] [INFO]: Protocol -> connect to server: 109.244.168.43:8080 
[2021-03-22 12:50:06] [ERROR]: Protocol -> unknown group msg: 0 
[2021-03-22 12:50:09] [INFO]: 收到服务器地址更新通知, 根据配置文件已忽略. 
[2021-03-22 12:50:27] [INFO]: 登录成功 欢迎使用: Lucky 
[2021-03-22 12:50:27] [INFO]: 开始加载好友列表... 
[2021-03-22 12:50:27] [INFO]: 共加载 5 个好友. 
[2021-03-22 12:50:27] [INFO]: 开始加载群列表... 
[2021-03-22 12:50:27] [INFO]: 共加载 4 个群. 
[2021-03-22 12:50:27] [INFO]: 信息数据库初始化完成. 
[2021-03-22 12:50:27] [INFO]: 正在加载事件过滤器. 
[2021-03-22 12:50:27] [INFO]: 事件过滤器启动成功. 
[2021-03-22 12:50:27] [INFO]: 资源初始化完成, 开始处理信息. 
[2021-03-22 12:50:27] [INFO]: アトリは、高性能ですから! 
[2021-03-22 12:50:27] [INFO]: 正在检查更新. 
[2021-03-22 12:50:27] [INFO]: CQ HTTP 服务器已启动: 0.0.0.0:5700 
[2021-03-22 12:50:27] [INFO]: 开始尝试连接到反向WebSocket Universal服务器: ws://127.0.0.1:8080/cqhttp/ws 
[2021-03-22 12:50:29] [INFO]: 当前有更新的 go-cqhttp 可供更新, 请前往 https://github.com/Mrs4s/go-cqhttp/releases 下载. 
[2021-03-22 12:50:29] [INFO]: 当前版本: v0.9.40-fix3 最新版本: v0.9.40-fix4 
[2021-03-22 12:53:26] [INFO]: 收到好友 LuckyOwl(516342785) 的消息: 早上好 (2117424700) 
[2021-03-22 12:53:26] [INFO]: 发送好友 516342785(516342785)  的消息: [{"type":  ... (936571157) 
[2021-03-22 12:53:29] [INFO]: 收到好友 LuckyOwl(516342785) 的消息: 中午好 (519233497) 
[2021-03-22 12:53:29] [INFO]: 发送好友 516342785(516342785)  的消息: [{"type":  ... (1087750531) 
[2021-03-22 12:53:32] [INFO]: 收到好友 LuckyOwl(516342785) 的消息: 下午好 (1777725263) 
[2021-03-22 12:53:32] [INFO]: 发送好友 516342785(516342785)  的消息: [{"type":  ... (-558803936) 
[2021-03-22 12:53:34] [INFO]: 收到好友 LuckyOwl(516342785) 的消息: 晚上好 (-251871499) 
[2021-03-22 12:53:34] [INFO]: 发送好友 516342785(516342785)  的消息: [{"type":  ... (-1447664458) 
[2021-03-22 12:53:38] [INFO]: 收到好友 LuckyOwl(516342785) 的消息: 帮助 (429857728) 
[2021-03-22 12:53:38] [INFO]: 发送好友 516342785(516342785)  的消息: [{"type":  ... (817837324) 
[2021-03-22 12:53:43] [INFO]: 收到好友 LuckyOwl(516342785) 的消息: 猜拳 石头 (1855466326) 
[2021-03-22 12:53:43] [INFO]: 发送好友 516342785(516342785)  的消息: [{"type":  ... (-1610602339) 
[2021-03-22 12:53:49] [INFO]: 收到好友 LuckyOwl(516342785) 的消息: 猜拳 滚 (-2137634182) 
[2021-03-22 12:53:49] [INFO]: 发送好友 516342785(516342785)  的消息: [{"type":  ... (-219036678) 
[2021-03-22 12:54:12] [INFO]: 收到群 lucky调试之旅(855758516) 内 LuckyOwl(516342785) 的消息: 早上好 (1162186936) 
[2021-03-22 12:54:12] [INFO]: 发送群 855758516(855758516)  的消息: [{"type":  ... (843227182) 
[2021-03-22 12:54:15] [INFO]: 收到群 lucky调试之旅(855758516) 内 LuckyOwl(516342785) 的消息: 中午好 (-1421086316) 
[2021-03-22 12:54:15] [INFO]: 发送群 855758516(855758516)  的消息: [{"type":  ... (-598949630) 
[2021-03-22 12:54:16] [INFO]: 收到群 lucky调试之旅(855758516) 内 LuckyOwl(516342785) 的消息: 晚上好 (1109939361) 
[2021-03-22 12:54:17] [INFO]: 发送群 855758516(855758516)  的消息: [{"type":  ... (892298295) 
[2021-03-22 12:54:19] [INFO]: 收到群 lucky调试之旅(855758516) 内 LuckyOwl(516342785) 的消息: 下午好 (-1406782067) 
[2021-03-22 12:54:19] [INFO]: 发送群 855758516(855758516)  的消息: [{"type":  ... (-618592997) 
[2021-03-22 12:54:21] [INFO]: 收到群 lucky调试之旅(855758516) 内 LuckyOwl(516342785) 的消息: 你好 (1268652170) 
[2021-03-22 12:54:25] [INFO]: 收到群 lucky调试之旅(855758516) 内 LuckyOwl(516342785) 的消息: 帮助 (1016670236) 
[2021-03-22 12:54:30] [INFO]: 收到群 lucky调试之旅(855758516) 内 LuckyOwl(516342785) 的消息: 啊这 (1549705721) 
[2021-03-22 12:54:30] [INFO]: 发送群 855758516(855758516)  的消息: [{"type":  ... (727290223) 
[2021-03-22 12:54:36] [INFO]: 收到群 lucky调试之旅(855758516) 内 LuckyOwl(516342785) 的消息: 就这 (-1303330603) 
[2021-03-22 12:54:36] [INFO]: 发送群 855758516(855758516)  的消息: [{"type":  ... (-984092605) 
[2021-03-22 12:55:38] [WARNING]: Bot已离线 (Heartbeat failed: Packet timed out)，尝试重连 
[2021-03-22 12:55:38] [INFO]: Protocol -> connect to server: 157.255.13.60:8080 
[2021-03-22 12:55:39] [ERROR]: Protocol -> unknown group msg: 0 
[2021-03-22 12:55:42] [INFO]: 收到服务器地址更新通知, 根据配置文件已忽略. 
[2021-03-22 12:56:00] [INFO]: 重连成功 
